This file contains any messages produced by compilers while
running configure, to aid debugging if configure makes a mistake.

It was created by configure, which was
generated by GNU Autoconf 2.59.  Invocation command line was

  $ ./configure 

## --------- ##
## Platform. ##
## --------- ##

hostname = DESKTOP-RMIUAJH
uname -m = x86_64
uname -r = 2.11.2(0.329/5/3)
uname -s = MSYS_NT-10.0
uname -v = 2018-11-26 09:22

/usr/bin/uname -p = unknown
/bin/uname -X     = unknown

/bin/arch              = x86_64
/usr/bin/arch -k       = unknown
/usr/convex/getsysinfo = unknown
hostinfo               = unknown
/bin/machine           = unknown
/usr/bin/oslevel       = unknown
/bin/universe          = unknown

PATH: /usr/local/bin
PATH: /usr/bin
PATH: /bin
PATH: /opt/bin
PATH: /c/Windows/System32
PATH: /c/Windows
PATH: /c/Windows/System32/Wbem
PATH: /c/Windows/System32/WindowsPowerShell/v1.0/
PATH: /usr/bin/site_perl
PATH: /usr/bin/vendor_perl
PATH: /usr/bin/core_perl


## ----------- ##
## Core tests. ##
## ----------- ##

configure:1199: loading site script /etc/config.site
| # This file is in public domain.
| # Original author: Karlson2k (Evgeny Grin)
| # Written for MSys2 to help running 'configure' scripts
| 
| # Use correct config.site even if CONFIG_SITE is not set
| if test "x$MSYSTEM" = "xMINGW64"; then
|   if test -r "${MINGW_PREFIX-/mingw64}/etc/config.site"; then
|     . "${MINGW_PREFIX-/mingw64}/etc/config.site"
|   fi
| elif test "x$MSYSTEM" = "xMINGW32"; then
|   if test -r "${MINGW_PREFIX-/mingw32}/etc/config.site"; then
|     . "${MINGW_PREFIX-/mingw32}/etc/config.site"
|   fi
| elif test "x$MSYSTEM" = "xCLANG64"; then
|   if test -r "${MINGW_PREFIX-/clang64}/etc/config.site"; then
|     . "${MINGW_PREFIX-/clang64}/etc/config.site"
|   fi
| elif test "x$MSYSTEM" = "xCLANG32"; then
|   if test -r "${MINGW_PREFIX-/clang32}/etc/config.site"; then
|     . "${MINGW_PREFIX-/clang32}/etc/config.site"
|   fi
| else
|   # Defaults for MSys2-targeted programs
| 
|   # Set proper selfname on bash and fallback to default name on other shells
|   test -n "${BASH_SOURCE}" 2>/dev/null && config_site_me="${BASH_SOURCE[0]##*/}" || config_site_me=config.site
| 
|   # Set default 'host' to speedup configure
|   if test -z "$build_alias"; then
|     build_alias="${MSYSTEM_CARCH-x86_64}-pc-msys"  && \
|       ${as_echo-echo} "$config_site_me:${as_lineno-$LINENO}: default build_alias set to $build_alias" >&5
|   fi
| 
|   # Set default 'prefix' to "/usr"
|   if ( test -z "$prefix" || test "x$prefix" = "xNONE" ) && \
|      ( test -z "$exec_prefix" || test "x$exec_prefix" = "xNONE" ); then
|     prefix="${MSYSTEM_PREFIX-/usr}" && \
|       ${as_echo-echo} "$config_site_me:${as_lineno-$LINENO}: default prefix set to $prefix" >&5
|   fi
| 
| fi
config.site:31: default build_alias set to x86_64-pc-msys
config.site:38: default prefix set to /usr
configure:1341: checking for a BSD-compatible install
configure:1396: result: /usr/bin/install -c
configure:1407: checking whether build environment is sane
configure:1450: result: yes
configure:1515: checking for gawk
configure:1531: found /usr/bin/gawk
configure:1541: result: gawk
configure:1551: checking whether make sets $(MAKE)
configure:1571: result: yes
configure:1791: checking for gcc
configure:1807: found /usr/bin/gcc
configure:1817: result: gcc
configure:2061: checking for C compiler version
configure:2064: gcc --version </dev/null >&5
gcc (GCC) 7.4.0
Copyright (C) 2017 Free Software Foundation, Inc.
This is free software; see the source for copying conditions.  There is NO
warranty; not even for MERCHANTABILITY or FITNESS FOR A PARTICULAR PURPOSE.

configure:2067: $? = 0
configure:2069: gcc -v </dev/null >&5
Using built-in specs.
COLLECT_GCC=gcc
COLLECT_LTO_WRAPPER=/usr/lib/gcc/x86_64-pc-msys/7.4.0/lto-wrapper.exe
Target: x86_64-pc-msys
Configured with: /msys_scripts/gcc/src/gcc-7.4.0/configure --build=x86_64-pc-msys --prefix=/usr --libexecdir=/usr/lib --enable-bootstrap --enable-shared --enable-shared-libgcc --enable-static --enable-version-specific-runtime-libs --with-arch=x86-64 --with-tune=generic --disable-multilib --enable-__cxa_atexit --with-dwarf2 --enable-languages=c,c++,fortran,lto --enable-graphite --enable-threads=posix --enable-libatomic --enable-libcilkrts --enable-libgomp --enable-libitm --enable-libquadmath --enable-libquadmath-support --disable-libssp --disable-win32-registry --disable-symvers --with-gnu-ld --with-gnu-as --disable-isl-version-check --enable-checking=release --without-libiconv-prefix --without-libintl-prefix --with-system-zlib --enable-linker-build-id --with-default-libstdcxx-abi=gcc4-compatible
Thread model: posix
gcc version 7.4.0 (GCC) 
configure:2072: $? = 0
configure:2074: gcc -V </dev/null >&5
gcc: error: unrecognized command line option '-V'
gcc: fatal error: no input files
compilation terminated.
configure:2077: $? = 1
configure:2100: checking for C compiler default output file name
configure:2103: gcc  -std=c99   conftest.c  >&5
configure:2106: $? = 0
configure:2152: result: a.exe
configure:2157: checking whether the C compiler works
configure:2163: ./a.exe
configure:2166: $? = 0
configure:2183: result: yes
configure:2190: checking whether we are cross compiling
configure:2192: result: no
configure:2195: checking for suffix of executables
configure:2197: gcc -o conftest.exe  -std=c99   conftest.c  >&5
configure:2200: $? = 0
configure:2225: result: .exe
configure:2231: checking for suffix of object files
configure:2252: gcc -c  -std=c99  conftest.c >&5
configure:2255: $? = 0
configure:2277: result: o
configure:2281: checking whether we are using the GNU C compiler
configure:2305: gcc -c  -std=c99  conftest.c >&5
configure:2311: $? = 0
configure:2315: test -z 
			 || test ! -s conftest.err
configure:2318: $? = 0
configure:2321: test -s conftest.o
configure:2324: $? = 0
configure:2337: result: yes
configure:2343: checking whether gcc accepts -g
configure:2364: gcc -c -g  conftest.c >&5
configure:2370: $? = 0
configure:2374: test -z 
			 || test ! -s conftest.err
configure:2377: $? = 0
configure:2380: test -s conftest.o
configure:2383: $? = 0
configure:2394: result: yes
configure:2411: checking for gcc option to accept ANSI C
configure:2481: gcc  -c  -std=c99  conftest.c >&5
configure:2487: $? = 0
configure:2491: test -z 
			 || test ! -s conftest.err
configure:2494: $? = 0
configure:2497: test -s conftest.o
configure:2500: $? = 0
configure:2518: result: none needed
configure:2536: gcc -c  -std=c99  conftest.c >&5
conftest.c:2:3: error: unknown type name 'choke'
   choke me
   ^~~~~
conftest.c:2:3: error: expected '=', ',', ';', 'asm' or '__attribute__' at end of input
configure:2542: $? = 1
configure: failed program was:
| #ifndef __cplusplus
|   choke me
| #endif
configure:2686: checking for style of include used by make
configure:2714: result: GNU
configure:2742: checking dependency style of gcc
configure:2832: result: gcc3
configure:2859: checking how to run the C preprocessor
configure:2894: gcc -E  conftest.c
configure:2900: $? = 0
configure:2932: gcc -E  conftest.c
conftest.c:11:10: fatal error: ac_nonexistent.h: No such file or directory
 #include <ac_nonexistent.h>
          ^~~~~~~~~~~~~~~~~~
compilation terminated.
configure:2938: $? = 1
configure: failed program was:
| /* confdefs.h.  */
| 
| #define PACKAGE_NAME ""
| #define PACKAGE_TARNAME ""
| #define PACKAGE_VERSION ""
| #define PACKAGE_STRING ""
| #define PACKAGE_BUGREPORT ""
| #define PACKAGE "PACKAGE"
| #define VERSION "VERSION"
| /* end confdefs.h.  */
| #include <ac_nonexistent.h>
configure:2977: result: gcc -E
configure:3001: gcc -E  conftest.c
configure:3007: $? = 0
configure:3039: gcc -E  conftest.c
conftest.c:11:10: fatal error: ac_nonexistent.h: No such file or directory
 #include <ac_nonexistent.h>
          ^~~~~~~~~~~~~~~~~~
compilation terminated.
configure:3045: $? = 1
configure: failed program was:
| /* confdefs.h.  */
| 
| #define PACKAGE_NAME ""
| #define PACKAGE_TARNAME ""
| #define PACKAGE_VERSION ""
| #define PACKAGE_STRING ""
| #define PACKAGE_BUGREPORT ""
| #define PACKAGE "PACKAGE"
| #define VERSION "VERSION"
| /* end confdefs.h.  */
| #include <ac_nonexistent.h>
configure:3089: checking for egrep
configure:3099: result: grep -E
configure:3104: checking for ANSI C header files
configure:3129: gcc -c  -std=c99  conftest.c >&5
configure:3135: $? = 0
configure:3139: test -z 
			 || test ! -s conftest.err
configure:3142: $? = 0
configure:3145: test -s conftest.o
configure:3148: $? = 0
configure:3237: gcc -o conftest.exe  -std=c99   conftest.c  >&5
conftest.c: In function 'main':
conftest.c:28:7: warning: implicit declaration of function 'exit' [-Wimplicit-function-declaration]
       exit(2);
       ^~~~
conftest.c:28:7: warning: incompatible implicit declaration of built-in function 'exit'
conftest.c:28:7: note: include '<stdlib.h>' or provide a declaration of 'exit'
conftest.c:29:3: warning: incompatible implicit declaration of built-in function 'exit'
   exit (0);
   ^~~~
conftest.c:29:3: note: include '<stdlib.h>' or provide a declaration of 'exit'
configure:3240: $? = 0
configure:3242: ./conftest.exe
configure:3245: $? = 0
configure:3260: result: yes
configure:3284: checking for sys/types.h
configure:3300: gcc -c  -std=c99  conftest.c >&5
configure:3306: $? = 0
configure:3310: test -z 
			 || test ! -s conftest.err
configure:3313: $? = 0
configure:3316: test -s conftest.o
configure:3319: $? = 0
configure:3330: result: yes
configure:3284: checking for sys/stat.h
configure:3300: gcc -c  -std=c99  conftest.c >&5
configure:3306: $? = 0
configure:3310: test -z 
			 || test ! -s conftest.err
configure:3313: $? = 0
configure:3316: test -s conftest.o
configure:3319: $? = 0
configure:3330: result: yes
configure:3284: checking for stdlib.h
configure:3300: gcc -c  -std=c99  conftest.c >&5
configure:3306: $? = 0
configure:3310: test -z 
			 || test ! -s conftest.err
configure:3313: $? = 0
configure:3316: test -s conftest.o
configure:3319: $? = 0
configure:3330: result: yes
configure:3284: checking for string.h
configure:3300: gcc -c  -std=c99  conftest.c >&5
configure:3306: $? = 0
configure:3310: test -z 
			 || test ! -s conftest.err
configure:3313: $? = 0
configure:3316: test -s conftest.o
configure:3319: $? = 0
configure:3330: result: yes
configure:3284: checking for memory.h
configure:3300: gcc -c  -std=c99  conftest.c >&5
configure:3306: $? = 0
configure:3310: test -z 
			 || test ! -s conftest.err
configure:3313: $? = 0
configure:3316: test -s conftest.o
configure:3319: $? = 0
configure:3330: result: yes
configure:3284: checking for strings.h
configure:3300: gcc -c  -std=c99  conftest.c >&5
configure:3306: $? = 0
configure:3310: test -z 
			 || test ! -s conftest.err
configure:3313: $? = 0
configure:3316: test -s conftest.o
configure:3319: $? = 0
configure:3330: result: yes
configure:3284: checking for inttypes.h
configure:3300: gcc -c  -std=c99  conftest.c >&5
configure:3306: $? = 0
configure:3310: test -z 
			 || test ! -s conftest.err
configure:3313: $? = 0
configure:3316: test -s conftest.o
configure:3319: $? = 0
configure:3330: result: yes
configure:3284: checking for stdint.h
configure:3300: gcc -c  -std=c99  conftest.c >&5
configure:3306: $? = 0
configure:3310: test -z 
			 || test ! -s conftest.err
configure:3313: $? = 0
configure:3316: test -s conftest.o
configure:3319: $? = 0
configure:3330: result: yes
configure:3284: checking for unistd.h
configure:3300: gcc -c  -std=c99  conftest.c >&5
configure:3306: $? = 0
configure:3310: test -z 
			 || test ! -s conftest.err
configure:3313: $? = 0
configure:3316: test -s conftest.o
configure:3319: $? = 0
configure:3330: result: yes
configure:3348: checking for stdlib.h
configure:3353: result: yes
configure:3348: checking for string.h
configure:3353: result: yes
configure:3495: checking for an ANSI C-conforming const
configure:3562: gcc -c  -std=c99  conftest.c >&5
configure:3568: $? = 0
configure:3572: test -z 
			 || test ! -s conftest.err
configure:3575: $? = 0
configure:3578: test -s conftest.o
configure:3581: $? = 0
configure:3592: result: yes
configure:3602: checking for inline
configure:3623: gcc -c  -std=c99  conftest.c >&5
configure:3629: $? = 0
configure:3633: test -z 
			 || test ! -s conftest.err
configure:3636: $? = 0
configure:3639: test -s conftest.o
configure:3642: $? = 0
configure:3654: result: inline
configure:3673: checking for size_t
configure:3697: gcc -c  -std=c99  conftest.c >&5
configure:3703: $? = 0
configure:3707: test -z 
			 || test ! -s conftest.err
configure:3710: $? = 0
configure:3713: test -s conftest.o
configure:3716: $? = 0
configure:3727: result: yes
configure:3746: checking for stdlib.h
configure:3751: result: yes
configure:3891: checking for GNU libc compatible malloc
configure:3920: gcc -o conftest.exe  -std=c99   conftest.c  >&5
configure:3923: $? = 0
configure:3925: ./conftest.exe
configure:3928: $? = 0
configure:3942: result: yes
configure:3977: checking for stdlib.h
configure:3982: result: yes
configure:4122: checking for GNU libc compatible realloc
configure:4151: gcc -o conftest.exe  -std=c99   conftest.c  >&5
configure:4154: $? = 0
configure:4156: ./conftest.exe
configure:4159: $? = 0
configure:4173: result: yes
configure:4208: checking for pow
configure:4265: gcc -o conftest.exe  -std=c99   conftest.c  >&5
conftest.c:51:6: warning: conflicting types for built-in function 'pow' [-Wbuiltin-declaration-mismatch]
 char pow ();
      ^~~
configure:4271: $? = 0
configure:4275: test -z 
			 || test ! -s conftest.err
configure:4278: $? = 0
configure:4281: test -s conftest.exe
configure:4284: $? = 0
configure:4296: result: yes
configure:4208: checking for strchr
configure:4265: gcc -o conftest.exe  -std=c99   conftest.c  >&5
conftest.c:52:6: warning: conflicting types for built-in function 'strchr' [-Wbuiltin-declaration-mismatch]
 char strchr ();
      ^~~~~~
configure:4271: $? = 0
configure:4275: test -z 
			 || test ! -s conftest.err
configure:4278: $? = 0
configure:4281: test -s conftest.exe
configure:4284: $? = 0
configure:4296: result: yes
configure:4449: creating ./config.status

## ---------------------- ##
## Running config.status. ##
## ---------------------- ##

This file was extended by config.status, which was
generated by GNU Autoconf 2.59.  Invocation command line was

  CONFIG_FILES    = 
  CONFIG_HEADERS  = 
  CONFIG_LINKS    = 
  CONFIG_COMMANDS = 
  $ ./config.status 

on DESKTOP-RMIUAJH

config.status:683: creating Makefile
config.status:683: creating src/Makefile
config.status:683: creating man/Makefile
config.status:866: executing depfiles commands

## ---------------- ##
## Cache variables. ##
## ---------------- ##

ac_cv_c_compiler_gnu=yes
ac_cv_c_const=yes
ac_cv_c_inline=inline
ac_cv_env_CC_set=
ac_cv_env_CC_value=
ac_cv_env_CFLAGS_set=
ac_cv_env_CFLAGS_value=
ac_cv_env_CPPFLAGS_set=
ac_cv_env_CPPFLAGS_value=
ac_cv_env_CPP_set=
ac_cv_env_CPP_value=
ac_cv_env_LDFLAGS_set=
ac_cv_env_LDFLAGS_value=
ac_cv_env_build_alias_set=
ac_cv_env_build_alias_value=
ac_cv_env_host_alias_set=
ac_cv_env_host_alias_value=
ac_cv_env_target_alias_set=
ac_cv_env_target_alias_value=
ac_cv_exeext=.exe
ac_cv_func_malloc_0_nonnull=yes
ac_cv_func_pow=yes
ac_cv_func_realloc_0_nonnull=yes
ac_cv_func_strchr=yes
ac_cv_header_inttypes_h=yes
ac_cv_header_memory_h=yes
ac_cv_header_stdc=yes
ac_cv_header_stdint_h=yes
ac_cv_header_stdlib_h=yes
ac_cv_header_string_h=yes
ac_cv_header_strings_h=yes
ac_cv_header_sys_stat_h=yes
ac_cv_header_sys_types_h=yes
ac_cv_header_unistd_h=yes
ac_cv_objext=o
ac_cv_path_install='/usr/bin/install -c'
ac_cv_prog_AWK=gawk
ac_cv_prog_CPP='gcc -E'
ac_cv_prog_ac_ct_CC=gcc
ac_cv_prog_cc_g=yes
ac_cv_prog_cc_stdc=
ac_cv_prog_egrep='grep -E'
ac_cv_prog_make_make_set=yes
ac_cv_type_size_t=yes
am_cv_CC_dependencies_compiler_type=gcc3

## ----------------- ##
## Output variables. ##
## ----------------- ##

ACLOCAL='${SHELL} /home/willi/mesh2hmap-0.3.2/missing --run aclocal-1.9'
AMDEPBACKSLASH='\'
AMDEP_FALSE='#'
AMDEP_TRUE=''
AMTAR='${SHELL} /home/willi/mesh2hmap-0.3.2/missing --run tar'
AUTOCONF='${SHELL} /home/willi/mesh2hmap-0.3.2/missing --run autoconf'
AUTOHEADER='${SHELL} /home/willi/mesh2hmap-0.3.2/missing --run autoheader'
AUTOMAKE='${SHELL} /home/willi/mesh2hmap-0.3.2/missing --run automake-1.9'
AWK='gawk'
CC='gcc'
CCDEPMODE='depmode=gcc3'
CFLAGS=' -std=c99'
CPP='gcc -E'
CPPFLAGS=''
CYGPATH_W='cygpath -w'
DEFS='-DPACKAGE_NAME=\"\" -DPACKAGE_TARNAME=\"\" -DPACKAGE_VERSION=\"\" -DPACKAGE_STRING=\"\" -DPACKAGE_BUGREPORT=\"\" -DPACKAGE=\"PACKAGE\" -DVERSION=\"VERSION\" -DSTDC_HEADERS=1 -DHAVE_SYS_TYPES_H=1 -DHAVE_SYS_STAT_H=1 -DHAVE_STDLIB_H=1 -DHAVE_STRING_H=1 -DHAVE_MEMORY_H=1 -DHAVE_STRINGS_H=1 -DHAVE_INTTYPES_H=1 -DHAVE_STDINT_H=1 -DHAVE_UNISTD_H=1 -DHAVE_STDLIB_H=1 -DHAVE_STRING_H=1 -DHAVE_STDLIB_H=1 -DHAVE_MALLOC=1 -DHAVE_STDLIB_H=1 -DHAVE_REALLOC=1 -DHAVE_POW=1 -DHAVE_STRCHR=1 '
DEPDIR='.deps'
ECHO_C=''
ECHO_N='-n'
ECHO_T=''
EGREP='grep -E'
EXEEXT='.exe'
INSTALL_DATA='${INSTALL} -m 644'
INSTALL_PROGRAM='${INSTALL}'
INSTALL_SCRIPT='${INSTALL}'
INSTALL_STRIP_PROGRAM='${SHELL} $(install_sh) -c -s'
LDFLAGS=''
LIBOBJS=''
LIBS=''
LTLIBOBJS=''
MAKEINFO='${SHELL} /home/willi/mesh2hmap-0.3.2/missing --run makeinfo'
OBJEXT='o'
PACKAGE='PACKAGE'
PACKAGE_BUGREPORT=''
PACKAGE_NAME=''
PACKAGE_STRING=''
PACKAGE_TARNAME=''
PACKAGE_VERSION=''
PATH_SEPARATOR=':'
SET_MAKE=''
SHELL='/bin/sh'
STRIP=''
VERSION='VERSION'
ac_ct_CC='gcc'
ac_ct_STRIP=''
am__fastdepCC_FALSE='#'
am__fastdepCC_TRUE=''
am__include='include'
am__leading_dot='.'
am__quote=''
am__tar='${AMTAR} chof - "$$tardir"'
am__untar='${AMTAR} xf -'
bindir='${exec_prefix}/bin'
build_alias='x86_64-pc-msys'
datadir='${prefix}/share'
exec_prefix='${prefix}'
host_alias=''
includedir='${prefix}/include'
infodir='${prefix}/info'
install_sh='/home/willi/mesh2hmap-0.3.2/install-sh'
libdir='${exec_prefix}/lib'
libexecdir='${exec_prefix}/libexec'
localstatedir='${prefix}/var'
mandir='${prefix}/man'
mkdir_p='mkdir -p --'
oldincludedir='/usr/include'
prefix='/usr'
program_transform_name='s,x,x,'
sbindir='${exec_prefix}/sbin'
sharedstatedir='${prefix}/com'
sysconfdir='${prefix}/etc'
target_alias=''

## ----------- ##
## confdefs.h. ##
## ----------- ##

#define HAVE_INTTYPES_H 1
#define HAVE_MALLOC 1
#define HAVE_MEMORY_H 1
#define HAVE_POW 1
#define HAVE_REALLOC 1
#define HAVE_STDINT_H 1
#define HAVE_STDLIB_H 1
#define HAVE_STDLIB_H 1
#define HAVE_STDLIB_H 1
#define HAVE_STDLIB_H 1
#define HAVE_STRCHR 1
#define HAVE_STRINGS_H 1
#define HAVE_STRING_H 1
#define HAVE_STRING_H 1
#define HAVE_SYS_STAT_H 1
#define HAVE_SYS_TYPES_H 1
#define HAVE_UNISTD_H 1
#define PACKAGE "PACKAGE"
#define PACKAGE_BUGREPORT ""
#define PACKAGE_NAME ""
#define PACKAGE_STRING ""
#define PACKAGE_TARNAME ""
#define PACKAGE_VERSION ""
#define STDC_HEADERS 1
#define VERSION "VERSION"

configure: exit 0
